#
# A fatal error has been detected by the Java Runtime Environment:
#
#  SIGSEGV (0xb) at pc=0xb33da69d, pid=4584, tid=2278583104
#
# JRE version: OpenJDK Runtime Environment (7.0_65-b32) (build 1.7.0_65-b32)
# Java VM: OpenJDK Server VM (24.65-b04 mixed mode linux-x86 )
# Derivative: IcedTea 2.5.3
# Distribution: Ubuntu 14.04 LTS, package 7u71-2.5.3-0ubuntu0.14.04.1
# Problematic frame:
# v  ~BufferBlob::jni_fast_GetLongField
#
# Failed to write core dump. Core dumps have been disabled. To enable core dumping, try "ulimit -c unlimited" before starting Java again
#
# If you would like to submit a bug report, please include
# instructions on how to reproduce the bug and visit:
#   http://icedtea.classpath.org/bugzilla
# The crash happened outside the Java Virtual Machine in native code.
# See problematic frame for where to report the bug.
#

---------------  T H R E A D  ---------------

Current thread (0x88784c00):  JavaThread "AWT-XAWT" daemon [_thread_in_native, id=4604, stack(0x87cb6000,0x87d07000)]

siginfo:si_signo=SIGSEGV: si_errno=0, si_code=1 (SEGV_MAPERR), si_addr=0x00000000

Registers:
EAX=0x00000000, EBX=0x8904b000, ECX=0x00000036, EDX=0x00000000
ESP=0x87d05e18, EBP=0x87d05e68, ESI=0x00000042, EDI=0x88784d28
EIP=0xb33da69d, EFLAGS=0x00010246, CR2=0x00000000

Top of Stack: (sp=0x87d05e18)
0x87d05e18:   00000000 8901d823 88784d28 00000000
0x87d05e28:   00000042 8aa2d000 887542a0 02400003
0x87d05e38:   ffffffff 88784d28 8b344b5c 87d05e70
0x87d05e48:   87d05e68 8901d8f4 b70fd120 00010002
0x87d05e58:   8901d7ff 88642000 87812730 00000000
0x87d05e68:   87812500 8856ee18 87812500 00000000
0x87d05e78:   00000000 87d05ea0 8b41aa30 8bcdcb6c
0x87d05e88:   8856edb9 88642000 87812668 02400003 

Instructions: (pc=0xb33da69d)
0xb33da67d:   00 00 00 56 8b 0d a4 82 11 b7 f6 c1 01 0f 85 30
0xb33da68d:   00 00 00 8b c1 83 e0 01 8b 54 04 0c 8b 74 24 10
0xb33da69d:   8b 12 c1 ee 02 8b 04 32 8b 54 32 04 be a4 82 11
0xb33da6ad:   b7 33 f2 33 f0 33 f2 33 f0 3b 0e 0f 85 02 00 00 

Register to memory mapping:

EAX=0x00000000 is an unknown value
EBX=0x8904b000: <offset 0x49000> in /usr/lib/jvm/java-7-openjdk-i386/jre/lib/i386/xawt/libmawt.so at 0x89002000
ECX=0x00000036 is an unknown value
EDX=0x00000000 is an unknown value
ESP=0x87d05e18 is pointing into the stack for thread: 0x88784c00
EBP=0x87d05e68 is pointing into the stack for thread: 0x88784c00
ESI=0x00000042 is an unknown value
EDI=0x88784d28 is an unknown value


Stack: [0x87cb6000,0x87d07000],  sp=0x87d05e18,  free space=319k
Native frames: (J=compiled Java code, j=interpreted, Vv=VM code, C=native code)
v  ~BufferBlob::jni_fast_GetLongField

Java frames: (J=compiled Java code, j=interpreted, Vv=VM code)
j  sun.awt.X11.XlibWrapper.XFilterEvent(JJ)Z+0
j  sun.awt.X11.XToolkit.run(Z)V+300
j  sun.awt.X11.XToolkit.run()V+5
j  java.lang.Thread.run()V+11
v  ~StubRoutines::call_stub

---------------  P R O C E S S  ---------------

Java Threads: ( => current thread )
  0x8ab0ac00 JavaThread "XToolkt-Shutdown-Thread" [_thread_in_native, id=4757, stack(0x879af000,0x87a00000)]
  0x87834000 JavaThread "SIGHUP handler" daemon [_thread_blocked, id=4756, stack(0x875d0000,0x87621000)]
  0x87817400 JavaThread "TimerQueue" daemon [_thread_blocked, id=4607, stack(0x87922000,0x87973000)]
  0xb6407800 JavaThread "DestroyJavaVM" [_thread_blocked, id=4590, stack(0xb651c000,0xb656d000)]
  0x88789400 JavaThread "AWT-EventQueue-0" [_thread_blocked, id=4606, stack(0x87c14000,0x87c65000)]
  0x88787c00 JavaThread "AWT-Shutdown" [_thread_blocked, id=4605, stack(0x87c65000,0x87cb6000)]
=>0x88784c00 JavaThread "AWT-XAWT" daemon [_thread_in_native, id=4604, stack(0x87cb6000,0x87d07000)]
  0x88776400 JavaThread "Java2D Disposer" daemon [_thread_blocked, id=4603, stack(0x87d07000,0x87d58000)]
  0x88f9d400 JavaThread "Service Thread" daemon [_thread_blocked, id=4601, stack(0x8890b000,0x8895c000)]
  0x88f9b800 JavaThread "C2 CompilerThread1" daemon [_thread_blocked, id=4600, stack(0x8895c000,0x889dd000)]
  0x88f99800 JavaThread "C2 CompilerThread0" daemon [_thread_blocked, id=4599, stack(0x889dd000,0x88a5e000)]
  0x88f97c00 JavaThread "Signal Dispatcher" daemon [_thread_blocked, id=4598, stack(0x88a5e000,0x88aaf000)]
  0x88f85400 JavaThread "Finalizer" daemon [_thread_blocked, id=4597, stack(0x88caf000,0x88d00000)]
  0x88f83c00 JavaThread "Reference Handler" daemon [_thread_blocked, id=4596, stack(0x8aa2e000,0x8aa7f000)]

Other Threads:
  0x88f81000 VMThread [stack: 0x8904e000,0x890cf000] [id=4595]
  0x88f9f000 WatcherThread [stack: 0x8888a000,0x8890b000] [id=4602]

VM state:not at safepoint (normal execution)

VM Mutex/Monitor currently owned by a thread: None

Heap
 PSYoungGen      total 8960K, used 5544K [0xa8800000, 0xa9200000, 0xb32c0000)
  eden space 7680K, 55% used [0xa8800000,0xa8c2aee0,0xa8f80000)
  from space 1280K, 99% used [0xa90c0000,0xa91ff188,0xa9200000)
  to   space 1280K, 0% used [0xa8f80000,0xa8f80000,0xa90c0000)
 ParOldGen       total 19968K, used 2202K [0x932c0000, 0x94640000, 0xa8800000)
  object space 19968K, 11% used [0x932c0000,0x934e6bd8,0x94640000)
 PSPermGen       total 16384K, used 10507K [0x8b2c0000, 0x8c2c0000, 0x932c0000)
  object space 16384K, 64% used [0x8b2c0000,0x8bd02eb0,0x8c2c0000)

Card table byte_map: [0x8b17f000,0x8b2c0000] byte_map_base: 0x8ad25a00

Polling page: 0xb7720000

Code Cache  [0xb3393000, 0xb35d3000, 0xb6393000)
 total_blobs=405 nmethods=150 adapters=209 free_code_cache=48598Kb largest_free_block=49746688

Compilation events (10 events):
Event: 31.113 Thread 0x88f99800  146             sun.font.CompositeGlyphMapper::charsToGlyphsNS (158 bytes)
Event: 31.113 Thread 0x88f9b800  147             sun.font.CompositeGlyphMapper::getCachedGlyphCode (32 bytes)
Event: 31.114 Thread 0x88f9b800 nmethod 147 0xb3418708 code [0xb3418800, 0xb34188d0]
Event: 31.114 Thread 0x88f9b800  148             sun.font.FileFontStrike::getSlot0GlyphImagePtrs (128 bytes)
Event: 31.121 Thread 0x88f99800 nmethod 146 0xb341dec8 code [0xb341dfe0, 0xb341e344]
Event: 31.121 Thread 0x88f99800  149             sun.font.FileFontStrike::getCachedGlyphPtr (120 bytes)
Event: 31.124 Thread 0x88f9b800 nmethod 148 0xb341d248 code [0xb341d3a0, 0xb341d8d0]
Event: 31.124 Thread 0x88f9b800  150             javax.swing.text.Utilities::drawTabbedText (409 bytes)
Event: 31.124 Thread 0x88f99800 nmethod 149 0xb34181c8 code [0xb34182e0, 0xb34184f0]
Event: 31.132 Thread 0x88f9b800 nmethod 150 0xb341f108 code [0xb341f2a0, 0xb341f80c]

GC Heap History (4 events):
Event: 6.510 GC heap before
{Heap before GC invocations=1 (full 0):
 PSYoungGen      total 8960K, used 7680K [0xa8800000, 0xa9200000, 0xb32c0000)
  eden space 7680K, 100% used [0xa8800000,0xa8f80000,0xa8f80000)
  from space 1280K, 0% used [0xa90c0000,0xa90c0000,0xa9200000)
  to   space 1280K, 0% used [0xa8f80000,0xa8f80000,0xa90c0000)
 ParOldGen       total 19968K, used 0K [0x932c0000, 0x94640000, 0xa8800000)
  object space 19968K, 0% used [0x932c0000,0x932c0000,0x94640000)
 PSPermGen       total 16384K, used 10203K [0x8b2c0000, 0x8c2c0000, 0x932c0000)
  object space 16384K, 62% used [0x8b2c0000,0x8bcb6d60,0x8c2c0000)
Event: 6.520 GC heap after
Heap after GC invocations=1 (full 0):
 PSYoungGen      total 8960K, used 1265K [0xa8800000, 0xa9200000, 0xb32c0000)
  eden space 7680K, 0% used [0xa8800000,0xa8800000,0xa8f80000)
  from space 1280K, 98% used [0xa8f80000,0xa90bc468,0xa90c0000)
  to   space 1280K, 0% used [0xa90c0000,0xa90c0000,0xa9200000)
 ParOldGen       total 19968K, used 857K [0x932c0000, 0x94640000, 0xa8800000)
  object space 19968K, 4% used [0x932c0000,0x93396618,0x94640000)
 PSPermGen       total 16384K, used 10203K [0x8b2c0000, 0x8c2c0000, 0x932c0000)
  object space 16384K, 62% used [0x8b2c0000,0x8bcb6d60,0x8c2c0000)
}
Event: 10.782 GC heap before
{Heap before GC invocations=2 (full 0):
 PSYoungGen      total 8960K, used 8945K [0xa8800000, 0xa9200000, 0xb32c0000)
  eden space 7680K, 100% used [0xa8800000,0xa8f80000,0xa8f80000)
  from space 1280K, 98% used [0xa8f80000,0xa90bc468,0xa90c0000)
  to   space 1280K, 0% used [0xa90c0000,0xa90c0000,0xa9200000)
 ParOldGen       total 19968K, used 857K [0x932c0000, 0x94640000, 0xa8800000)
  object space 19968K, 4% used [0x932c0000,0x93396618,0x94640000)
 PSPermGen       total 16384K, used 10362K [0x8b2c0000, 0x8c2c0000, 0x932c0000)
  object space 16384K, 63% used [0x8b2c0000,0x8bcde938,0x8c2c0000)
Event: 10.789 GC heap after
Heap after GC invocations=2 (full 0):
 PSYoungGen      total 8960K, used 1276K [0xa8800000, 0xa9200000, 0xb32c0000)
  eden space 7680K, 0% used [0xa8800000,0xa8800000,0xa8f80000)
  from space 1280K, 99% used [0xa90c0000,0xa91ff188,0xa9200000)
  to   space 1280K, 0% used [0xa8f80000,0xa8f80000,0xa90c0000)
 ParOldGen       total 19968K, used 2202K [0x932c0000, 0x94640000, 0xa8800000)
  object space 19968K, 11% used [0x932c0000,0x934e6bd8,0x94640000)
 PSPermGen       total 16384K, used 10362K [0x8b2c0000, 0x8c2c0000, 0x932c0000)
  object space 16384K, 63% used [0x8b2c0000,0x8bcde938,0x8c2c0000)
}

Deoptimization events (10 events):
Event: 1.367 Thread 0x88789400 Uncommon trap: reason=class_check action=maybe_recompile pc=0xb33e6dc0 method=java.util.Properties$LineReader.readLine()I @ 62
Event: 4.004 Thread 0x88789400 Uncommon trap: reason=class_check action=maybe_recompile pc=0xb33e957c method=java.lang.String.equals(Ljava/lang/Object;)Z @ 8
Event: 4.004 Thread 0x88789400 Uncommon trap: reason=class_check action=maybe_recompile pc=0xb33e957c method=java.lang.String.equals(Ljava/lang/Object;)Z @ 8
Event: 4.073 Thread 0x88789400 Uncommon trap: reason=class_check action=maybe_recompile pc=0xb33e957c method=java.lang.String.equals(Ljava/lang/Object;)Z @ 8
Event: 4.074 Thread 0x88789400 Uncommon trap: reason=class_check action=maybe_recompile pc=0xb33e957c method=java.lang.String.equals(Ljava/lang/Object;)Z @ 8
Event: 12.270 Thread 0x88789400 Uncommon trap: reason=class_check action=maybe_recompile pc=0xb340bde8 method=javax.swing.plaf.nimbus.DerivedColor$UIResource.equals(Ljava/lang/Object;)Z @ 1
Event: 12.270 Thread 0x88789400 Uncommon trap: reason=unreached action=reinterpret pc=0xb340d9e4 method=javax.swing.DefaultListCellRenderer.firePropertyChange(Ljava/lang/String;Ljava/lang/Object;Ljava/lang/Object;)V @ 20
Event: 12.270 Thread 0x88789400 Uncommon trap: reason=class_check action=maybe_recompile pc=0xb340bde8 method=javax.swing.plaf.nimbus.DerivedColor$UIResource.equals(Ljava/lang/Object;)Z @ 1
Event: 12.279 Thread 0x88789400 Uncommon trap: reason=class_check action=maybe_recompile pc=0xb340bde8 method=javax.swing.plaf.nimbus.DerivedColor$UIResource.equals(Ljava/lang/Object;)Z @ 1
Event: 12.279 Thread 0x88789400 Uncommon trap: reason=class_check action=maybe_recompile pc=0xb340bde8 method=javax.swing.plaf.nimbus.DerivedColor$UIResource.equals(Ljava/lang/Object;)Z @ 1

Internal exceptions (10 events):
Event: 1.699 Thread 0x88789400 Threw 0xa8b8d5c0 at /build/buildd/openjdk-7-7u71-2.5.3/build/openjdk/hotspot/src/share/vm/prims/jvm.cpp:1284
Event: 1.908 Thread 0x88789400 Threw 0xa8c35c60 at /build/buildd/openjdk-7-7u71-2.5.3/build/openjdk/hotspot/src/share/vm/prims/jni.cpp:747
Event: 6.672 Thread 0x88789400 Threw 0xa8b25e00 at /build/buildd/openjdk-7-7u71-2.5.3/build/openjdk/hotspot/src/share/vm/prims/jni.cpp:747
Event: 14.480 Thread 0x88789400 Threw 0xa8a65f88 at /build/buildd/openjdk-7-7u71-2.5.3/build/openjdk/hotspot/src/share/vm/prims/jvm.cpp:1284
Event: 14.481 Thread 0x88789400 Threw 0xa8a6ae88 at /build/buildd/openjdk-7-7u71-2.5.3/build/openjdk/hotspot/src/share/vm/prims/jvm.cpp:1284
Event: 14.483 Thread 0x88789400 Threw 0xa8a78298 at /build/buildd/openjdk-7-7u71-2.5.3/build/openjdk/hotspot/src/share/vm/prims/jvm.cpp:1284
Event: 14.492 Thread 0x88789400 Threw 0xa8a89818 at /build/buildd/openjdk-7-7u71-2.5.3/build/openjdk/hotspot/src/share/vm/prims/jvm.cpp:1284
Event: 14.497 Thread 0x88789400 Threw 0xa8a8f788 at /build/buildd/openjdk-7-7u71-2.5.3/build/openjdk/hotspot/src/share/vm/prims/jvm.cpp:1284
Event: 14.504 Thread 0x88789400 Threw 0xa8aa77a0 at /build/buildd/openjdk-7-7u71-2.5.3/build/openjdk/hotspot/src/share/vm/prims/jvm.cpp:1284
Event: 14.505 Thread 0x88789400 Threw 0xa8aaa848 at /build/buildd/openjdk-7-7u71-2.5.3/build/openjdk/hotspot/src/share/vm/prims/jvm.cpp:1284

Events (10 events):
Event: 14.505 loading class 0x87831e38 done
Event: 57.043 loading class 0x88d3bf68
Event: 57.044 loading class 0x88d3bf68 done
Event: 323.603 loading class 0x8a908448
Event: 323.603 loading class 0x8a908448 done
Event: 331.639 loading class 0x8ae6db60
Event: 331.639 loading class 0x8ae6db60 done
Event: 331.639 Thread 0x87834000 Thread added: 0x87834000
Event: 331.639 Thread 0x8ab0ac00 Thread added: 0x8ab0ac00
Event: 331.639 loading class 0x88d26370


Dynamic libraries:
08048000-08049000 r-xp 00000000 08:04 2079560    /usr/lib/jvm/java-7-openjdk-i386/jre/bin/java
08049000-0804a000 r--p 00000000 08:04 2079560    /usr/lib/jvm/java-7-openjdk-i386/jre/bin/java
0804a000-0804b000 rw-p 00001000 08:04 2079560    /usr/lib/jvm/java-7-openjdk-i386/jre/bin/java
09ad5000-09af6000 rw-p 00000000 00:00 0          [heap]
87300000-8733a000 rw-p 00000000 00:00 0 
8733a000-87400000 ---p 00000000 00:00 0 
875d0000-875d3000 ---p 00000000 00:00 0 
875d3000-87621000 rw-p 00000000 00:00 0          [stack:4756]
87621000-87800000 rw-s 00000000 00:04 5767179    /SYSV00000000 (deleted)
87800000-87846000 rw-p 00000000 00:00 0 
87846000-87900000 ---p 00000000 00:00 0 
87922000-87925000 ---p 00000000 00:00 0 
87925000-87973000 rw-p 00000000 00:00 0          [stack:4607]
879af000-879b2000 ---p 00000000 00:00 0 
879b2000-87a00000 rw-p 00000000 00:00 0          [stack:4757]
87a00000-87a7b000 rw-p 00000000 00:00 0 
87a7b000-87b00000 ---p 00000000 00:00 0 
87b33000-87b3a000 rw-s 00000000 00:04 5963788    /SYSV00000000 (deleted)
87b3a000-87b4b000 r-xp 00000000 08:04 288426     /usr/lib/jvm/java-7-openjdk-i386/jre/lib/i386/libnio.so
87b4b000-87b4c000 r--p 00010000 08:04 288426     /usr/lib/jvm/java-7-openjdk-i386/jre/lib/i386/libnio.so
87b4c000-87b4d000 rw-p 00011000 08:04 288426     /usr/lib/jvm/java-7-openjdk-i386/jre/lib/i386/libnio.so
87b4d000-87b4e000 r--s 00000000 08:04 27330      /var/cache/fontconfig/c05880de57d1f5e948fdfacc138775d9-le32d4.cache-4
87b4e000-87b56000 r--s 00000000 08:04 27324      /var/cache/fontconfig/945677eb7aeaf62f1d50efc3fb3ec7d8-le32d4.cache-4
87b56000-87b5a000 r--s 00000000 08:04 27310      /var/cache/fontconfig/2cd17615ca594fa2959ae173292e504c-le32d4.cache-4
87b5a000-87b5b000 r--s 00000000 08:04 27340      /var/cache/fontconfig/e7071f4a29fa870f4323321c154eba04-le32d4.cache-4
87b5b000-87b5c000 r--s 00000000 08:04 27307      /var/cache/fontconfig/0d8c3b2ac0904cb8a57a757ad11a4a08-le32d4.cache-4
87b5c000-87b61000 r--s 00000000 08:04 27327      /var/cache/fontconfig/a755afe4a08bf5b97852ceb7400b47bc-le32d4.cache-4
87b61000-87b6a000 r--s 00000000 08:04 28141      /var/cache/fontconfig/6d41288fd70b0be22e8c3a91e032eec0-le32d4.cache-4
87b6a000-87b79000 r--s 00000000 08:04 27305      /var/cache/fontconfig/04aabc0a78ac019cf9454389977116d2-le32d4.cache-4
87b79000-87b7c000 r--s 00000000 08:04 27313      /var/cache/fontconfig/385c0604a188198f04d133e54aba7fe7-le32d4.cache-4
87b7c000-87b80000 r--s 00000000 08:04 27323      /var/cache/fontconfig/8801497958630a81b71ace7c5f9b32a8-le32d4.cache-4
87b80000-87b85000 r--s 00000000 08:04 27311      /var/cache/fontconfig/3047814df9a2f067bd2d96a2b9c36e5a-le32d4.cache-4
87b85000-87b89000 r--s 00000000 08:04 27328      /var/cache/fontconfig/b47c4e1ecd0709278f4910c18777a504-le32d4.cache-4
87b89000-87b99000 r--s 00000000 08:04 27334      /var/cache/fontconfig/d52a8644073d54c13679302ca1180695-le32d4.cache-4
87b99000-87ba0000 r--s 00000000 08:04 27314      /var/cache/fontconfig/3f7329c5293ffd510edef78f73874cfd-le32d4.cache-4
87ba0000-87ba9000 r--s 00000000 08:04 27439      /var/cache/fontconfig/d589a48862398ed80a3d6066f4f56f4c-le32d4.cache-4
87ba9000-87bc0000 r-xp 00000000 08:04 288437     /usr/lib/jvm/java-7-openjdk-i386/jre/lib/i386/libnet.so
87bc0000-87bc1000 r--p 00016000 08:04 288437     /usr/lib/jvm/java-7-openjdk-i386/jre/lib/i386/libnet.so
87bc1000-87bc2000 rw-p 00017000 08:04 288437     /usr/lib/jvm/java-7-openjdk-i386/jre/lib/i386/libnet.so
87bc2000-87c11000 r-xp 00000000 08:04 288445     /usr/lib/jvm/java-7-openjdk-i386/jre/lib/i386/libfontmanager.so
87c11000-87c13000 r--p 0004e000 08:04 288445     /usr/lib/jvm/java-7-openjdk-i386/jre/lib/i386/libfontmanager.so
87c13000-87c14000 rw-p 00050000 08:04 288445     /usr/lib/jvm/java-7-openjdk-i386/jre/lib/i386/libfontmanager.so
87c14000-87c17000 ---p 00000000 00:00 0 
87c17000-87c65000 rw-p 00000000 00:00 0          [stack:4606]
87c65000-87c68000 ---p 00000000 00:00 0 
87c68000-87cb6000 rw-p 00000000 00:00 0          [stack:4605]
87cb6000-87cb9000 ---p 00000000 00:00 0 
87cb9000-87d07000 rw-p 00000000 00:00 0          [stack:4604]
87d07000-87d0a000 ---p 00000000 00:00 0 
87d0a000-87d58000 rw-p 00000000 00:00 0          [stack:4603]
87d58000-87d5b000 r-xp 00000000 08:04 1741117    /lib/i386-linux-gnu/libgpg-error.so.0.10.0
87d5b000-87d5c000 r--p 00002000 08:04 1741117    /lib/i386-linux-gnu/libgpg-error.so.0.10.0
87d5c000-87d5d000 rw-p 00003000 08:04 1741117    /lib/i386-linux-gnu/libgpg-error.so.0.10.0
87d5d000-87d5f000 r-xp 00000000 08:04 1741127    /lib/i386-linux-gnu/libkeyutils.so.1.4
87d5f000-87d60000 r--p 00002000 08:04 1741127    /lib/i386-linux-gnu/libkeyutils.so.1.4
87d60000-87d61000 rw-p 00003000 08:04 1741127    /lib/i386-linux-gnu/libkeyutils.so.1.4
87d61000-87d9d000 r-xp 00000000 08:04 1741187    /lib/i386-linux-gnu/libpcre.so.3.13.1
87d9d000-87d9e000 r--p 0003b000 08:04 1741187    /lib/i386-linux-gnu/libpcre.so.3.13.1
87d9e000-87d9f000 rw-p 0003c000 08:04 1741187    /lib/i386-linux-gnu/libpcre.so.3.13.1
87d9f000-87dc5000 r-xp 00000000 08:04 1741199    /lib/i386-linux-gnu/libpng12.so.0.50.0
87dc5000-87dc6000 r--p 00025000 08:04 1741199    /lib/i386-linux-gnu/libpng12.so.0.50.0
87dc6000-87dc7000 rw-p 00026000 08:04 1741199    /lib/i386-linux-gnu/libpng12.so.0.50.0
87dc7000-87e10000 r-xp 00000000 08:04 1740116    /lib/i386-linux-gnu/libdbus-1.so.3.7.6
87e10000-87e11000 r--p 00048000 08:04 1740116    /lib/i386-linux-gnu/libdbus-1.so.3.7.6
87e11000-87e12000 rw-p 00049000 08:04 1740116    /lib/i386-linux-gnu/libdbus-1.so.3.7.6
87e12000-87e49000 r-xp 00000000 08:04 2063195    /usr/lib/i386-linux-gnu/libp11-kit.so.0.0.0
87e49000-87e4a000 ---p 00037000 08:04 2063195    /usr/lib/i386-linux-gnu/libp11-kit.so.0.0.0
87e4a000-87e4d000 r--p 00037000 08:04 2063195    /usr/lib/i386-linux-gnu/libp11-kit.so.0.0.0
87e4d000-87e4e000 rw-p 0003a000 08:04 2063195    /usr/lib/i386-linux-gnu/libp11-kit.so.0.0.0
87e4e000-87e60000 r-xp 00000000 08:04 2063378    /usr/lib/i386-linux-gnu/libtasn1.so.6.2.0
87e60000-87e61000 r--p 00011000 08:04 2063378    /usr/lib/i386-linux-gnu/libtasn1.so.6.2.0
87e61000-87e62000 rw-p 00012000 08:04 2063378    /usr/lib/i386-linux-gnu/libtasn1.so.6.2.0
87e62000-87ee4000 r-xp 00000000 08:04 1741113    /lib/i386-linux-gnu/libgcrypt.so.11.8.2
87ee4000-87ee5000 r--p 00081000 08:04 1741113    /lib/i386-linux-gnu/libgcrypt.so.11.8.2
87ee5000-87ee7000 rw-p 00082000 08:04 1741113    /lib/i386-linux-gnu/libgcrypt.so.11.8.2
87ee7000-87ee8000 rw-p 00000000 00:00 0 
87ee8000-87f16000 r-xp 00000000 08:04 2063072    /usr/lib/i386-linux-gnu/libk5crypto.so.3.1
87f16000-87f17000 r--p 0002d000 08:04 2063072    /usr/lib/i386-linux-gnu/libk5crypto.so.3.1
87f17000-87f18000 rw-p 0002e000 08:04 2063072    /usr/lib/i386-linux-gnu/libk5crypto.so.3.1
87f18000-87fcf000 r-xp 00000000 08:04 2063076    /usr/lib/i386-linux-gnu/libkrb5.so.3.3
87fcf000-87fd5000 r--p 000b7000 08:04 2063076    /usr/lib/i386-linux-gnu/libkrb5.so.3.3
87fd5000-87fd6000 rw-p 000bd000 08:04 2063076    /usr/lib/i386-linux-gnu/libkrb5.so.3.3
87fd6000-87fe9000 r-xp 00000000 08:04 1741210    /lib/i386-linux-gnu/libresolv-2.19.so
87fe9000-87fea000 ---p 00013000 08:04 1741210    /lib/i386-linux-gnu/libresolv-2.19.so
87fea000-87feb000 r--p 00013000 08:04 1741210    /lib/i386-linux-gnu/libresolv-2.19.so
87feb000-87fec000 rw-p 00014000 08:04 1741210    /lib/i386-linux-gnu/libresolv-2.19.so
87fec000-87fee000 rw-p 00000000 00:00 0 
87fee000-8800e000 r-xp 00000000 08:04 1741214    /lib/i386-linux-gnu/libselinux.so.1
8800e000-8800f000 r--p 0001f000 08:04 1741214    /lib/i386-linux-gnu/libselinux.so.1
8800f000-88010000 rw-p 00020000 08:04 1741214    /lib/i386-linux-gnu/libselinux.so.1
88010000-88011000 rw-p 00000000 00:00 0 
88011000-8811b000 r-xp 00000000 08:04 1741115    /lib/i386-linux-gnu/libglib-2.0.so.0.4000.0
8811b000-8811c000 r--p 00109000 08:04 1741115    /lib/i386-linux-gnu/libglib-2.0.so.0.4000.0
8811c000-8811d000 rw-p 0010a000 08:04 1741115    /lib/i386-linux-gnu/libglib-2.0.so.0.4000.0
8811d000-88142000 r-xp 00000000 08:04 1741106    /lib/i386-linux-gnu/libexpat.so.1.6.0
88142000-88143000 ---p 00025000 08:04 1741106    /lib/i386-linux-gnu/libexpat.so.1.6.0
88143000-88145000 r--p 00025000 08:04 1741106    /lib/i386-linux-gnu/libexpat.so.1.6.0
88145000-88146000 rw-p 00027000 08:04 1741106    /lib/i386-linux-gnu/libexpat.so.1.6.0
88146000-881e0000 r-xp 00000000 08:04 2060802    /usr/lib/i386-linux-gnu/libfreetype.so.6.11.1
881e0000-881e1000 ---p 0009a000 08:04 2060802    /usr/lib/i386-linux-gnu/libfreetype.so.6.11.1
881e1000-881e5000 r--p 0009a000 08:04 2060802    /usr/lib/i386-linux-gnu/libfreetype.so.6.11.1
881e5000-881e6000 rw-p 0009e000 08:04 2060802    /usr/lib/i386-linux-gnu/libfreetype.so.6.11.1
881e6000-881f6000 r-xp 00000000 08:04 2062572    /usr/lib/i386-linux-gnu/libavahi-client.so.3.2.9
881f6000-881f7000 r--p 0000f000 08:04 2062572    /usr/lib/i386-linux-gnu/libavahi-client.so.3.2.9
881f7000-881f8000 rw-p 00010000 08:04 2062572    /usr/lib/i386-linux-gnu/libavahi-client.so.3.2.9
881f8000-882b9000 r-xp 00000000 08:04 2062875    /usr/lib/i386-linux-gnu/libgnutls.so.26.22.6
882b9000-882bd000 r--p 000c0000 08:04 2062875    /usr/lib/i386-linux-gnu/libgnutls.so.26.22.6
882bd000-882be000 rw-p 000c4000 08:04 2062875    /usr/lib/i386-linux-gnu/libgnutls.so.26.22.6
882be000-88301000 r-xp 00000000 08:04 2062906    /usr/lib/i386-linux-gnu/libgssapi_krb5.so.2.2
88301000-88302000 r--p 00042000 08:04 2062906    /usr/lib/i386-linux-gnu/libgssapi_krb5.so.2.2
88302000-88303000 rw-p 00043000 08:04 2062906    /usr/lib/i386-linux-gnu/libgssapi_krb5.so.2.2
88303000-88353000 r-xp 00000000 08:04 2062879    /usr/lib/i386-linux-gnu/libgobject-2.0.so.0.4000.0
88353000-88354000 r--p 0004f000 08:04 2062879    /usr/lib/i386-linux-gnu/libgobject-2.0.so.0.4000.0
88354000-88355000 rw-p 00050000 08:04 2062879    /usr/lib/i386-linux-gnu/libgobject-2.0.so.0.4000.0
88355000-884d2000 r-xp 00000000 08:04 2062849    /usr/lib/i386-linux-gnu/libgio-2.0.so.0.4000.0
884d2000-884d4000 r--p 0017c000 08:04 2062849    /usr/lib/i386-linux-gnu/libgio-2.0.so.0.4000.0
884d4000-884d5000 rw-p 0017e000 08:04 2062849    /usr/lib/i386-linux-gnu/libgio-2.0.so.0.4000.0
884d5000-884d6000 rw-p 00000000 00:00 0 
884d6000-8850f000 r-xp 00000000 08:04 2063362    /usr/lib/i386-linux-gnu/libfontconfig.so.1.8.0
8850f000-88510000 r--p 00039000 08:04 2063362    /usr/lib/i386-linux-gnu/libfontconfig.so.1.8.0
88510000-88511000 rw-p 0003a000 08:04 2063362    /usr/lib/i386-linux-gnu/libfontconfig.so.1.8.0
88511000-88641000 r-xp 00000000 08:04 2062464    /usr/lib/i386-linux-gnu/libX11.so.6.3.0
88641000-88642000 r--p 00130000 08:04 2062464    /usr/lib/i386-linux-gnu/libX11.so.6.3.0
88642000-88644000 rw-p 00131000 08:04 2062464    /usr/lib/i386-linux-gnu/libX11.so.6.3.0
88644000-88645000 rw-p 00000000 00:00 0 
88645000-886d4000 r-xp 00000000 08:04 288427     /usr/lib/jvm/java-7-openjdk-i386/jre/lib/i386/libawt.so
886d4000-886d5000 r--p 0008f000 08:04 288427     /usr/lib/jvm/java-7-openjdk-i386/jre/lib/i386/libawt.so
886d5000-886dc000 rw-p 00090000 08:04 288427     /usr/lib/jvm/java-7-openjdk-i386/jre/lib/i386/libawt.so
886dc000-88700000 rw-p 00000000 00:00 0 
88700000-887a5000 rw-p 00000000 00:00 0 
887a5000-88800000 ---p 00000000 00:00 0 
88800000-88801000 r--s 00000000 08:04 27309      /var/cache/fontconfig/1ac9eb803944fde146138c791f5cc56a-le32d4.cache-4
88801000-88803000 r--s 00000000 08:04 27321      /var/cache/fontconfig/767a8244fc0220cfb567a839d0392e0b-le32d4.cache-4
88803000-8880d000 r-xp 00000000 08:04 2063078    /usr/lib/i386-linux-gnu/libkrb5support.so.0.1
8880d000-8880e000 r--p 00009000 08:04 2063078    /usr/lib/i386-linux-gnu/libkrb5support.so.0.1
8880e000-8880f000 rw-p 0000a000 08:04 2063078    /usr/lib/i386-linux-gnu/libkrb5support.so.0.1
8880f000-8881b000 r-xp 00000000 08:04 2062574    /usr/lib/i386-linux-gnu/libavahi-common.so.3.5.3
8881b000-8881c000 r--p 0000b000 08:04 2062574    /usr/lib/i386-linux-gnu/libavahi-common.so.3.5.3
8881c000-8881d000 rw-p 0000c000 08:04 2062574    /usr/lib/i386-linux-gnu/libavahi-common.so.3.5.3
8881d000-88884000 r-xp 00000000 08:04 2062657    /usr/lib/i386-linux-gnu/libcups.so.2
88884000-88885000 ---p 00067000 08:04 2062657    /usr/lib/i386-linux-gnu/libcups.so.2
88885000-88889000 r--p 00067000 08:04 2062657    /usr/lib/i386-linux-gnu/libcups.so.2
88889000-8888a000 rw-p 0006b000 08:04 2062657    /usr/lib/i386-linux-gnu/libcups.so.2
8888a000-8888b000 ---p 00000000 00:00 0 
8888b000-8890b000 rw-p 00000000 00:00 0          [stack:4602]
8890b000-8890e000 ---p 00000000 00:00 0 
8890e000-8895c000 rw-p 00000000 00:00 0          [stack:4601]
8895c000-8895f000 ---p 00000000 00:00 0 
8895f000-889dd000 rw-p 00000000 00:00 0          [stack:4600]
889dd000-889e0000 ---p 00000000 00:00 0 
889e0000-88a5e000 rw-p 00000000 00:00 0          [stack:4599]
88a5e000-88a61000 ---p 00000000 00:00 0 
88a61000-88aaf000 rw-p 00000000 00:00 0          [stack:4598]
88aaf000-88caf000 r--p 00000000 08:04 2064365    /usr/lib/locale/locale-archive
88caf000-88cb2000 ---p 00000000 00:00 0 
88cb2000-88d00000 rw-p 00000000 00:00 0          [stack:4597]
88d00000-88dfa000 rw-p 00000000 00:00 0 
88dfa000-88e00000 ---p 00000000 00:00 0 
88e00000-88f00000 rw-p 00000000 00:00 0 
88f00000-88ff9000 rw-p 00000000 00:00 0 
88ff9000-89000000 ---p 00000000 00:00 0 
89000000-89001000 r--s 00000000 08:04 27337      /var/cache/fontconfig/dc05db6664285cc2f12bf69c139ae4c3-le32d4.cache-4
89001000-89002000 r--s 00000000 08:04 27315      /var/cache/fontconfig/4794a0821666d79190d59a36cb4f44b5-le32d4.cache-4
89002000-8904a000 r-xp 00000000 08:04 288560     /usr/lib/jvm/java-7-openjdk-i386/jre/lib/i386/xawt/libmawt.so
8904a000-8904b000 r--p 00047000 08:04 288560     /usr/lib/jvm/java-7-openjdk-i386/jre/lib/i386/xawt/libmawt.so
8904b000-8904d000 rw-p 00048000 08:04 288560     /usr/lib/jvm/java-7-openjdk-i386/jre/lib/i386/xawt/libmawt.so
8904d000-8904e000 rw-p 00000000 00:00 0 
8904e000-8904f000 ---p 00000000 00:00 0 
8904f000-890cf000 rw-p 00000000 00:00 0          [stack:4595]
890cf000-89280000 r--s 01d25000 08:04 288407     /usr/lib/jvm/java-7-openjdk-i386/jre/lib/rt.jar
89280000-8a900000 rw-p 00000000 00:00 0 
8a900000-8a9fe000 rw-p 00000000 00:00 0 
8a9fe000-8aa00000 ---p 00000000 00:00 0 
8aa00000-8aa03000 r-xp 00000000 08:04 1741093    /lib/i386-linux-gnu/libcom_err.so.2.1
8aa03000-8aa04000 r--p 00002000 08:04 1741093    /lib/i386-linux-gnu/libcom_err.so.2.1
8aa04000-8aa05000 rw-p 00003000 08:04 1741093    /lib/i386-linux-gnu/libcom_err.so.2.1
8aa05000-8aa0a000 r-xp 00000000 08:04 2062479    /usr/lib/i386-linux-gnu/libXdmcp.so.6.0.0
8aa0a000-8aa0b000 r--p 00004000 08:04 2062479    /usr/lib/i386-linux-gnu/libXdmcp.so.6.0.0
8aa0b000-8aa0c000 rw-p 00005000 08:04 2062479    /usr/lib/i386-linux-gnu/libXdmcp.so.6.0.0
8aa0c000-8aa2c000 r-xp 00000000 08:04 2063532    /usr/lib/i386-linux-gnu/libxcb.so.1.1.0
8aa2c000-8aa2d000 r--p 0001f000 08:04 2063532    /usr/lib/i386-linux-gnu/libxcb.so.1.1.0
8aa2d000-8aa2e000 rw-p 00020000 08:04 2063532    /usr/lib/i386-linux-gnu/libxcb.so.1.1.0
8aa2e000-8aa31000 ---p 00000000 00:00 0 
8aa31000-8aa7f000 rw-p 00000000 00:00 0          [stack:4596]
8aa7f000-8aa80000 ---p 00000000 00:00 0 
8aa80000-8ab00000 rw-p 00000000 00:00 0          [stack:4594]
8ab00000-8ab21000 rw-p 00000000 00:00 0 
8ab21000-8ac00000 ---p 00000000 00:00 0 
8ac00000-8ac05000 r-xp 00000000 08:04 2062746    /usr/lib/i386-linux-gnu/libffi.so.6.0.1
8ac05000-8ac06000 r--p 00005000 08:04 2062746    /usr/lib/i386-linux-gnu/libffi.so.6.0.1
8ac06000-8ac07000 rw-p 00006000 08:04 2062746    /usr/lib/i386-linux-gnu/libffi.so.6.0.1
8ac07000-8ac16000 r-xp 00000000 08:04 2062489    /usr/lib/i386-linux-gnu/libXi.so.6.1.0
8ac16000-8ac17000 r--p 0000e000 08:04 2062489    /usr/lib/i386-linux-gnu/libXi.so.6.1.0
8ac17000-8ac18000 rw-p 0000f000 08:04 2062489    /usr/lib/i386-linux-gnu/libXi.so.6.1.0
8ac18000-8ac21000 r-xp 00000000 08:04 2065715    /usr/lib/i386-linux-gnu/libXrender.so.1.3.0
8ac21000-8ac22000 r--p 00008000 08:04 2065715    /usr/lib/i386-linux-gnu/libXrender.so.1.3.0
8ac22000-8ac23000 rw-p 00009000 08:04 2065715    /usr/lib/i386-linux-gnu/libXrender.so.1.3.0
8ac23000-8ac34000 r-xp 00000000 08:04 2062481    /usr/lib/i386-linux-gnu/libXext.so.6.4.0
8ac34000-8ac35000 r--p 00010000 08:04 2062481    /usr/lib/i386-linux-gnu/libXext.so.6.4.0
8ac35000-8ac36000 rw-p 00011000 08:04 2062481    /usr/lib/i386-linux-gnu/libXext.so.6.4.0
8ac36000-8ac7f000 rw-p 00000000 00:00 0 
8ac7f000-8ac80000 ---p 00000000 00:00 0 
8ac80000-8ad00000 rw-p 00000000 00:00 0          [stack:4593]
8ad00000-8ad21000 rw-p 00000000 00:00 0 
8ad21000-8ae00000 ---p 00000000 00:00 0 
8ae00000-8ae01000 r--s 00000000 08:04 27317      /var/cache/fontconfig/56cf4f4769d0f4abc89a4895d7bd3ae1-le32d4.cache-4
8ae01000-8ae04000 r-xp 00000000 08:04 2062863    /usr/lib/i386-linux-gnu/libgmodule-2.0.so.0.4000.0
8ae04000-8ae05000 r--p 00002000 08:04 2062863    /usr/lib/i386-linux-gnu/libgmodule-2.0.so.0.4000.0
8ae05000-8ae06000 rw-p 00003000 08:04 2062863    /usr/lib/i386-linux-gnu/libgmodule-2.0.so.0.4000.0
8ae06000-8ae07000 r--s 00000000 08:04 27329      /var/cache/fontconfig/b9d506c9ac06c20b433354fa67a72993-le32d4.cache-4
8ae07000-8ae0a000 r--s 00000000 08:04 27378      /var/cache/fontconfig/7ef2298fde41cc6eeb7af42e48b7d293-le32d4.cache-4
8ae0a000-8ae0e000 r-xp 00000000 08:04 2062483    /usr/lib/i386-linux-gnu/libXfixes.so.3.1.0
8ae0e000-8ae0f000 r--p 00003000 08:04 2062483    /usr/lib/i386-linux-gnu/libXfixes.so.3.1.0
8ae0f000-8ae10000 rw-p 00004000 08:04 2062483    /usr/lib/i386-linux-gnu/libXfixes.so.3.1.0
8ae10000-8ae19000 r-xp 00000000 08:04 2062475    /usr/lib/i386-linux-gnu/libXcursor.so.1.0.2
8ae19000-8ae1a000 r--p 00008000 08:04 2062475    /usr/lib/i386-linux-gnu/libXcursor.so.1.0.2
8ae1a000-8ae1b000 rw-p 00009000 08:04 2062475    /usr/lib/i386-linux-gnu/libXcursor.so.1.0.2
8ae1b000-8ae24000 r--s 000b9000 08:04 288488     /usr/lib/jvm/java-7-openjdk-i386/jre/lib/resources.jar
8ae24000-8ae7f000 rw-p 00000000 00:00 0 
8ae7f000-8ae80000 ---p 00000000 00:00 0 
8ae80000-8af00000 rw-p 00000000 00:00 0          [stack:4592]
8af00000-8af21000 rw-p 00000000 00:00 0 
8af21000-8b000000 ---p 00000000 00:00 0 
8b000000-8b002000 r--s 00000000 08:04 27388      /var/cache/fontconfig/e13b20fdb08344e0e664864cc2ede53d-le32d4.cache-4
8b002000-8b007000 r-xp 00000000 08:04 2062509    /usr/lib/i386-linux-gnu/libXtst.so.6.1.0
8b007000-8b008000 r--p 00004000 08:04 2062509    /usr/lib/i386-linux-gnu/libXtst.so.6.1.0
8b008000-8b009000 rw-p 00005000 08:04 2062509    /usr/lib/i386-linux-gnu/libXtst.so.6.1.0
8b009000-8b013000 r--s 00203000 08:04 288480     /usr/lib/jvm/java-7-openjdk-i386/jre/lib/charsets.jar
8b013000-8b014000 ---p 00000000 00:00 0 
8b014000-8b09c000 rw-p 00000000 00:00 0          [stack:4591]
8b09c000-8b0d4000 rw-p 00000000 00:00 0 
8b0d4000-8b0de000 rw-p 00000000 00:00 0 
8b0de000-8b17f000 rw-p 00000000 00:00 0 
8b17f000-8b187000 rw-p 00000000 00:00 0 
8b187000-8b1bf000 rw-p 00000000 00:00 0 
8b1bf000-8b1c9000 rw-p 00000000 00:00 0 
8b1c9000-8b269000 rw-p 00000000 00:00 0 
8b269000-8b26f000 rw-p 00000000 00:00 0 
8b26f000-8b2bf000 rw-p 00000000 00:00 0 
8b2bf000-8c2c0000 rw-p 00000000 00:00 0 
8c2c0000-932c0000 rw-p 00000000 00:00 0 
932c0000-94640000 rw-p 00000000 00:00 0 
94640000-a8800000 rw-p 00000000 00:00 0 
a8800000-a9200000 rw-p 00000000 00:00 0 
a9200000-b32c0000 rw-p 00000000 00:00 0 
b32c0000-b32c2000 r-xp 00000000 08:04 2062468    /usr/lib/i386-linux-gnu/libXau.so.6.0.0
b32c2000-b32c3000 r--p 00001000 08:04 2062468    /usr/lib/i386-linux-gnu/libXau.so.6.0.0
b32c3000-b32c4000 rw-p 00002000 08:04 2062468    /usr/lib/i386-linux-gnu/libXau.so.6.0.0
b32c4000-b32dc000 rw-p 00000000 00:00 0 
b32dc000-b3393000 rw-p 00000000 00:00 0 
b3393000-b35d3000 rwxp 00000000 00:00 0 
b35d3000-b6393000 rw-p 00000000 00:00 0 
b6393000-b639e000 r-xp 00000000 08:04 1741159    /lib/i386-linux-gnu/libnss_files-2.19.so
b639e000-b639f000 r--p 0000a000 08:04 1741159    /lib/i386-linux-gnu/libnss_files-2.19.so
b639f000-b63a0000 rw-p 0000b000 08:04 1741159    /lib/i386-linux-gnu/libnss_files-2.19.so
b63a0000-b63b5000 r-xp 00000000 08:04 1741153    /lib/i386-linux-gnu/libnsl-2.19.so
b63b5000-b63b6000 r--p 00015000 08:04 1741153    /lib/i386-linux-gnu/libnsl-2.19.so
b63b6000-b63b7000 rw-p 00016000 08:04 1741153    /lib/i386-linux-gnu/libnsl-2.19.so
b63b7000-b63b9000 rw-p 00000000 00:00 0 
b63b9000-b63ba000 r--s 00000000 08:04 27306      /var/cache/fontconfig/0c9eb80ebd1c36541ebe2852d3bb0c49-le32d4.cache-4
b63ba000-b63be000 r--s 0003c000 08:04 288484     /usr/lib/jvm/java-7-openjdk-i386/jre/lib/ext/sunpkcs11.jar
b63be000-b63c2000 r--s 00085000 08:04 288487     /usr/lib/jvm/java-7-openjdk-i386/jre/lib/ext/localedata.jar
b63c2000-b63c5000 r--s 0000f000 08:04 288483     /usr/lib/jvm/java-7-openjdk-i386/jre/lib/ext/icedtea-sound.jar
b63c5000-b63cd000 r-xp 00000000 08:04 288422     /usr/lib/jvm/java-7-openjdk-i386/jre/lib/i386/libzip.so
b63cd000-b63ce000 r--p 00007000 08:04 288422     /usr/lib/jvm/java-7-openjdk-i386/jre/lib/i386/libzip.so
b63ce000-b63cf000 rw-p 00008000 08:04 288422     /usr/lib/jvm/java-7-openjdk-i386/jre/lib/i386/libzip.so
b63cf000-b63d7000 rw-s 00000000 08:04 1461215    /tmp/hsperfdata_afif/4584
b63d7000-b63fe000 r-xp 00000000 08:04 288421     /usr/lib/jvm/java-7-openjdk-i386/jre/lib/i386/libjava.so
b63fe000-b63ff000 r--p 00026000 08:04 288421     /usr/lib/jvm/java-7-openjdk-i386/jre/lib/i386/libjava.so
b63ff000-b6400000 rw-p 00027000 08:04 288421     /usr/lib/jvm/java-7-openjdk-i386/jre/lib/i386/libjava.so
b6400000-b64ff000 rw-p 00000000 00:00 0 
b64ff000-b6500000 ---p 00000000 00:00 0 
b6500000-b6501000 r--s 00002000 08:04 288486     /usr/lib/jvm/java-7-openjdk-i386/jre/lib/ext/dnsns.jar
b6501000-b6503000 r--s 00012000 08:04 288485     /usr/lib/jvm/java-7-openjdk-i386/jre/lib/ext/zipfs.jar
b6503000-b6507000 r--s 00034000 08:04 288482     /usr/lib/jvm/java-7-openjdk-i386/jre/lib/ext/sunjce_provider.jar
b6507000-b6511000 r-xp 00000000 08:04 1741169    /lib/i386-linux-gnu/libnss_nis-2.19.so
b6511000-b6512000 r--p 00009000 08:04 1741169    /lib/i386-linux-gnu/libnss_nis-2.19.so
b6512000-b6513000 rw-p 0000a000 08:04 1741169    /lib/i386-linux-gnu/libnss_nis-2.19.so
b6513000-b651a000 r-xp 00000000 08:04 1741212    /lib/i386-linux-gnu/librt-2.19.so
b651a000-b651b000 r--p 00006000 08:04 1741212    /lib/i386-linux-gnu/librt-2.19.so
b651b000-b651c000 rw-p 00007000 08:04 1741212    /lib/i386-linux-gnu/librt-2.19.so
b651c000-b651f000 ---p 00000000 00:00 0 
b651f000-b656d000 rw-p 00000000 00:00 0          [stack:4590]
b656d000-b6589000 r-xp 00000000 08:04 1741111    /lib/i386-linux-gnu/libgcc_s.so.1
b6589000-b658a000 rw-p 0001b000 08:04 1741111    /lib/i386-linux-gnu/libgcc_s.so.1
b658a000-b65ce000 r-xp 00000000 08:04 1741134    /lib/i386-linux-gnu/libm-2.19.so
b65ce000-b65cf000 r--p 00043000 08:04 1741134    /lib/i386-linux-gnu/libm-2.19.so
b65cf000-b65d0000 rw-p 00044000 08:04 1741134    /lib/i386-linux-gnu/libm-2.19.so
b65d0000-b66ac000 r-xp 00000000 08:04 2063372    /usr/lib/i386-linux-gnu/libstdc++.so.6.0.19
b66ac000-b66ad000 ---p 000dc000 08:04 2063372    /usr/lib/i386-linux-gnu/libstdc++.so.6.0.19
b66ad000-b66b1000 r--p 000dc000 08:04 2063372    /usr/lib/i386-linux-gnu/libstdc++.so.6.0.19
b66b1000-b66b2000 rw-p 000e0000 08:04 2063372    /usr/lib/i386-linux-gnu/libstdc++.so.6.0.19
b66b2000-b66b9000 rw-p 00000000 00:00 0 
b66b9000-b70a4000 r-xp 00000000 08:04 288441     /usr/lib/jvm/java-7-openjdk-i386/jre/lib/i386/server/libjvm.so
b70a4000-b70a5000 ---p 009eb000 08:04 288441     /usr/lib/jvm/java-7-openjdk-i386/jre/lib/i386/server/libjvm.so
b70a5000-b70f7000 r--p 009eb000 08:04 288441     /usr/lib/jvm/java-7-openjdk-i386/jre/lib/i386/server/libjvm.so
b70f7000-b710b000 rw-p 00a3d000 08:04 288441     /usr/lib/jvm/java-7-openjdk-i386/jre/lib/i386/server/libjvm.so
b710b000-b7528000 rw-p 00000000 00:00 0 
b7528000-b7540000 r-xp 00000000 08:04 1741247    /lib/i386-linux-gnu/libz.so.1.2.8
b7540000-b7541000 r--p 00017000 08:04 1741247    /lib/i386-linux-gnu/libz.so.1.2.8
b7541000-b7542000 rw-p 00018000 08:04 1741247    /lib/i386-linux-gnu/libz.so.1.2.8
b7542000-b7543000 rw-p 00000000 00:00 0 
b7543000-b755b000 r-xp 00000000 08:04 1741204    /lib/i386-linux-gnu/libpthread-2.19.so
b755b000-b755c000 r--p 00017000 08:04 1741204    /lib/i386-linux-gnu/libpthread-2.19.so
b755c000-b755d000 rw-p 00018000 08:04 1741204    /lib/i386-linux-gnu/libpthread-2.19.so
b755d000-b755f000 rw-p 00000000 00:00 0 
b755f000-b7562000 r-xp 00000000 08:04 1741101    /lib/i386-linux-gnu/libdl-2.19.so
b7562000-b7563000 r--p 00002000 08:04 1741101    /lib/i386-linux-gnu/libdl-2.19.so
b7563000-b7564000 rw-p 00003000 08:04 1741101    /lib/i386-linux-gnu/libdl-2.19.so
b7564000-b770d000 r-xp 00000000 08:04 1741084    /lib/i386-linux-gnu/libc-2.19.so
b770d000-b770f000 r--p 001a9000 08:04 1741084    /lib/i386-linux-gnu/libc-2.19.so
b770f000-b7710000 rw-p 001ab000 08:04 1741084    /lib/i386-linux-gnu/libc-2.19.so
b7710000-b7713000 rw-p 00000000 00:00 0 
b7713000-b7715000 r--s 00006000 08:04 2116913    /usr/share/java/java-atk-wrapper.jar
b7715000-b7716000 r--p 00850000 08:04 2064365    /usr/lib/locale/locale-archive
b7716000-b771d000 r-xp 00000000 08:04 1741155    /lib/i386-linux-gnu/libnss_compat-2.19.so
b771d000-b771e000 r--p 00006000 08:04 1741155    /lib/i386-linux-gnu/libnss_compat-2.19.so
b771e000-b771f000 rw-p 00007000 08:04 1741155    /lib/i386-linux-gnu/libnss_compat-2.19.so
b771f000-b7720000 rw-p 00000000 00:00 0 
b7720000-b7721000 r--p 00000000 00:00 0 
b7721000-b772f000 r-xp 00000000 08:04 288451     /usr/lib/jvm/java-7-openjdk-i386/jre/lib/i386/libverify.so
b772f000-b7730000 r--p 0000d000 08:04 288451     /usr/lib/jvm/java-7-openjdk-i386/jre/lib/i386/libverify.so
b7730000-b7731000 rw-p 0000e000 08:04 288451     /usr/lib/jvm/java-7-openjdk-i386/jre/lib/i386/libverify.so
b7731000-b773d000 r-xp 00000000 08:04 288456     /usr/lib/jvm/java-7-openjdk-i386/jre/lib/i386/jli/libjli.so
b773d000-b773e000 r--p 0000c000 08:04 288456     /usr/lib/jvm/java-7-openjdk-i386/jre/lib/i386/jli/libjli.so
b773e000-b773f000 rw-p 0000d000 08:04 288456     /usr/lib/jvm/java-7-openjdk-i386/jre/lib/i386/jli/libjli.so
b773f000-b7742000 rw-p 00000000 00:00 0 
b7742000-b7743000 r-xp 00000000 00:00 0          [vdso]
b7743000-b7763000 r-xp 00000000 08:04 1741060    /lib/i386-linux-gnu/ld-2.19.so
b7763000-b7764000 r--p 0001f000 08:04 1741060    /lib/i386-linux-gnu/ld-2.19.so
b7764000-b7765000 rw-p 00020000 08:04 1741060    /lib/i386-linux-gnu/ld-2.19.so
bfc22000-bfc23000 rwxp 00000000 00:00 0 
bfc55000-bfc76000 rw-p 00000000 00:00 0          [stack]

VM Arguments:
jvm_args: -Dfile.encoding=UTF-8 
java_command: ConceptualSummaryInterface
Launcher Type: SUN_STANDARD

Environment Variables:
PATH=/usr/local/sbin:/usr/local/bin:/usr/sbin:/usr/bin:/sbin:/bin:/usr/games:/usr/local/games:/home/afif/hadoop/sbin:/home/afif/hadoop/bin
LD_LIBRARY_PATH=/usr/lib/jvm/java-7-openjdk-i386/jre/lib/i386/server:/usr/lib/jvm/java-7-openjdk-i386/jre/lib/i386:/usr/lib/jvm/java-7-openjdk-i386/jre/../lib/i386:/usr/lib/jvm/java-7-openjdk-i386/jre/lib/i386/client:/usr/lib/jvm/java-7-openjdk-i386/jre/lib/i386:
SHELL=/bin/bash
DISPLAY=:0

Signal Handlers:
SIGSEGV: [libjvm.so+0x80a5e0], sa_mask[0]=0x7ffbfeff, sa_flags=0x10000004
SIGBUS: [libjvm.so+0x80a5e0], sa_mask[0]=0x7ffbfeff, sa_flags=0x10000004
SIGFPE: [libjvm.so+0x6844f0], sa_mask[0]=0x7ffbfeff, sa_flags=0x10000004
SIGPIPE: [libjvm.so+0x6844f0], sa_mask[0]=0x7ffbfeff, sa_flags=0x10000004
SIGXFSZ: [libjvm.so+0x6844f0], sa_mask[0]=0x7ffbfeff, sa_flags=0x10000004
SIGILL: [libjvm.so+0x6844f0], sa_mask[0]=0x7ffbfeff, sa_flags=0x10000004
SIGUSR1: SIG_DFL, sa_mask[0]=0x00000000, sa_flags=0x00000000
SIGUSR2: [libjvm.so+0x684380], sa_mask[0]=0x00000004, sa_flags=0x10000004
SIGHUP: [libjvm.so+0x6845b0], sa_mask[0]=0x7ffbfeff, sa_flags=0x10000004
SIGINT: [libjvm.so+0x6845b0], sa_mask[0]=0x7ffbfeff, sa_flags=0x10000004
SIGTERM: [libjvm.so+0x6845b0], sa_mask[0]=0x7ffbfeff, sa_flags=0x10000004
SIGQUIT: [libjvm.so+0x6845b0], sa_mask[0]=0x7ffbfeff, sa_flags=0x10000004
SIGTRAP: SIG_DFL, sa_mask[0]=0x00000000, sa_flags=0x00000000


---------------  S Y S T E M  ---------------

OS:Ubuntu 14.04 (trusty)
uname:Linux 3.13.0-24-generic #46-Ubuntu SMP Thu Apr 10 19:08:14 UTC 2014 i686
libc:glibc 2.19 NPTL 2.19 
rlimit: STACK 8192k, CORE 0k, NPROC 14892, NOFILE 4096, AS infinity
load average:1.51 0.76 0.65

/proc/meminfo:
MemTotal:        1925320 kB
MemFree:         1080488 kB
Buffers:           93376 kB
Cached:           351336 kB
SwapCached:         6080 kB
Active:           378692 kB
Inactive:         355284 kB
Active(anon):     213820 kB
Inactive(anon):   137564 kB
Active(file):     164872 kB
Inactive(file):   217720 kB
Unevictable:          32 kB
Mlocked:              32 kB
HighTotal:       1043708 kB
HighFree:         646844 kB
LowTotal:         881612 kB
LowFree:          433644 kB
SwapTotal:       4194300 kB
SwapFree:        4165252 kB
Dirty:               224 kB
Writeback:           296 kB
AnonPages:        284372 kB
Mapped:            73872 kB
Shmem:             61672 kB
Slab:              83660 kB
SReclaimable:      64556 kB
SUnreclaim:        19104 kB
KernelStack:        2192 kB
PageTables:         3368 kB
NFS_Unstable:          0 kB
Bounce:                0 kB
WritebackTmp:          0 kB
CommitLimit:     5156960 kB
Committed_AS:    1463460 kB
VmallocTotal:     122880 kB
VmallocUsed:       17588 kB
VmallocChunk:     100308 kB
HardwareCorrupted:     0 kB
AnonHugePages:    147456 kB
HugePages_Total:       0
HugePages_Free:        0
HugePages_Rsvd:        0
HugePages_Surp:        0
Hugepagesize:       2048 kB
DirectMap4k:       38904 kB
DirectMap2M:      874496 kB


CPU:total 4 (2 cores per cpu, 2 threads per core) family 6 model 37 stepping 5, cmov, cx8, fxsr, mmx, sse, sse2, sse3, ssse3, sse4.1, sse4.2, popcnt, aes, ht, tsc, tscinvbit

/proc/cpuinfo:
processor	: 0
vendor_id	: GenuineIntel
cpu family	: 6
model		: 37
model name	: Intel(R) Core(TM) i5 CPU       M 540  @ 2.53GHz
stepping	: 5
microcode	: 0x2
cpu MHz		: 2534.000
cache size	: 3072 KB
physical id	: 0
siblings	: 4
core id		: 0
cpu cores	: 2
apicid		: 0
initial apicid	: 0
fdiv_bug	: no
f00f_bug	: no
coma_bug	: no
fpu		: yes
fpu_exception	: yes
cpuid level	: 11
wp		: yes
flags		: fpu vme de pse tsc msr pae mce cx8 apic sep mtrr pge mca cmov pat pse36 clflush dts acpi mmx fxsr sse sse2 ss ht tm pbe nx rdtscp lm constant_tsc arch_perfmon pebs bts xtopology nonstop_tsc aperfmperf pni pclmulqdq dtes64 monitor ds_cpl vmx smx est tm2 ssse3 cx16 xtpr pdcm pcid sse4_1 sse4_2 popcnt aes lahf_lm ida arat dtherm tpr_shadow vnmi flexpriority ept vpid
bogomips	: 5054.65
clflush size	: 64
cache_alignment	: 64
address sizes	: 36 bits physical, 48 bits virtual
power management:

processor	: 1
vendor_id	: GenuineIntel
cpu family	: 6
model		: 37
model name	: Intel(R) Core(TM) i5 CPU       M 540  @ 2.53GHz
stepping	: 5
microcode	: 0x2
cpu MHz		: 2534.000
cache size	: 3072 KB
physical id	: 0
siblings	: 4
core id		: 0
cpu cores	: 2
apicid		: 1
initial apicid	: 1
fdiv_bug	: no
f00f_bug	: no
coma_bug	: no
fpu		: yes
fpu_exception	: yes
cpuid level	: 11
wp		: yes
flags		: fpu vme de pse tsc msr pae mce cx8 apic sep mtrr pge mca cmov pat pse36 clflush dts acpi mmx fxsr sse sse2 ss ht tm pbe nx rdtscp lm constant_tsc arch_perfmon pebs bts xtopology nonstop_tsc aperfmperf pni pclmulqdq dtes64 monitor ds_cpl vmx smx est tm2 ssse3 cx16 xtpr pdcm pcid sse4_1 sse4_2 popcnt aes lahf_lm ida arat dtherm tpr_shadow vnmi flexpriority ept vpid
bogomips	: 5054.65
clflush size	: 64
cache_alignment	: 64
address sizes	: 36 bits physical, 48 bits virtual
power management:

processor	: 2
vendor_id	: GenuineIntel
cpu family	: 6
model		: 37
model name	: Intel(R) Core(TM) i5 CPU       M 540  @ 2.53GHz
stepping	: 5
microcode	: 0x2
cpu MHz		: 2534.000
cache size	: 3072 KB
physical id	: 0
siblings	: 4
core id		: 2
cpu cores	: 2
apicid		: 4
initial apicid	: 4
fdiv_bug	: no
f00f_bug	: no
coma_bug	: no
fpu		: yes
fpu_exception	: yes
cpuid level	: 11
wp		: yes
flags		: fpu vme de pse tsc msr pae mce cx8 apic sep mtrr pge mca cmov pat pse36 clflush dts acpi mmx fxsr sse sse2 ss ht tm pbe nx rdtscp lm constant_tsc arch_perfmon pebs bts xtopology nonstop_tsc aperfmperf pni pclmulqdq dtes64 monitor ds_cpl vmx smx est tm2 ssse3 cx16 xtpr pdcm pcid sse4_1 sse4_2 popcnt aes lahf_lm ida arat dtherm tpr_shadow vnmi flexpriority ept vpid
bogomips	: 5054.65
clflush size	: 64
cache_alignment	: 64
address sizes	: 36 bits physical, 48 bits virtual
power management:

processor	: 3
vendor_id	: GenuineIntel
cpu family	: 6
model		: 37
model name	: Intel(R) Core(TM) i5 CPU       M 540  @ 2.53GHz
stepping	: 5
microcode	: 0x2
cpu MHz		: 2534.000
cache size	: 3072 KB
physical id	: 0
siblings	: 4
core id		: 2
cpu cores	: 2
apicid		: 5
initial apicid	: 5
fdiv_bug	: no
f00f_bug	: no
coma_bug	: no
fpu		: yes
fpu_exception	: yes
cpuid level	: 11
wp		: yes
flags		: fpu vme de pse tsc msr pae mce cx8 apic sep mtrr pge mca cmov pat pse36 clflush dts acpi mmx fxsr sse sse2 ss ht tm pbe nx rdtscp lm constant_tsc arch_perfmon pebs bts xtopology nonstop_tsc aperfmperf pni pclmulqdq dtes64 monitor ds_cpl vmx smx est tm2 ssse3 cx16 xtpr pdcm pcid sse4_1 sse4_2 popcnt aes lahf_lm ida arat dtherm tpr_shadow vnmi flexpriority ept vpid
bogomips	: 5054.65
clflush size	: 64
cache_alignment	: 64
address sizes	: 36 bits physical, 48 bits virtual
power management:



Memory: 4k page, physical 1925320k(1080488k free), swap 4194300k(4165252k free)

vm_info: OpenJDK Server VM (24.65-b04) for linux-x86 JRE (1.7.0_65-b32), built on Oct 22 2014 04:44:59 by "buildd" with gcc 4.8.2

time: Sun Mar  6 09:48:22 2016
elapsed time: 332 seconds

